[ 2026-03-18 12:59:43,192 ] 1025 httpx - INFO - HTTP Request: GET https://dagshub.com/api/v1/user "HTTP/1.1 200 OK"
[ 2026-03-18 12:59:43,198 ] 107 dagshub - INFO - Accessing as AdibAhmed7
[ 2026-03-18 12:59:44,366 ] 1025 httpx - INFO - HTTP Request: GET https://dagshub.com/api/v1/repos/AdibAhmed7/NetworkSecurity "HTTP/1.1 200 OK"
[ 2026-03-18 12:59:45,484 ] 1025 httpx - INFO - HTTP Request: GET https://dagshub.com/api/v1/user "HTTP/1.1 200 OK"
[ 2026-03-18 12:59:45,520 ] 107 dagshub - INFO - Initialized MLflow to track repo "AdibAhmed7/NetworkSecurity"
[ 2026-03-18 12:59:45,522 ] 107 dagshub - INFO - Repository AdibAhmed7/NetworkSecurity initialized!
[ 2026-03-18 12:59:45,523 ] 20 root - INFO - Initiate the data ingestion
[ 2026-03-18 13:00:02,965 ] 65 root - INFO - Performed train test split on the dataframe
[ 2026-03-18 13:00:02,966 ] 67 root - INFO - Exited split_data_as_train_test method of Data_Ingestion class
[ 2026-03-18 13:00:02,966 ] 75 root - INFO - Exporting train and test file path.
[ 2026-03-18 13:00:03,293 ] 84 root - INFO - Exported train and test file path.
[ 2026-03-18 13:00:03,295 ] 22 root - INFO - Data Initiation Completed
[ 2026-03-18 13:00:03,343 ] 26 root - INFO - Initiate the data Validation
[ 2026-03-18 13:00:03,504 ] 32 root - INFO - Required number of columns:2
[ 2026-03-18 13:00:03,504 ] 33 root - INFO - Data frame has columns:31
[ 2026-03-18 13:00:03,504 ] 32 root - INFO - Required number of columns:2
[ 2026-03-18 13:00:03,504 ] 33 root - INFO - Data frame has columns:31
[ 2026-03-18 13:00:04,023 ] 28 root - INFO - data Validation Completed
[ 2026-03-18 13:00:04,024 ] 31 root - INFO - data Transformation started
[ 2026-03-18 13:00:04,024 ] 63 root - INFO - Entered initiate_data_transformation method of DataTransformation class
[ 2026-03-18 13:00:04,025 ] 65 root - INFO - Starting data transformation
[ 2026-03-18 13:00:04,154 ] 48 root - INFO - Entered get_data_trnasformer_object method of Trnasformation class
[ 2026-03-18 13:00:04,154 ] 53 root - INFO - Initialise KNNImputer with {'missing_values': nan, 'n_neighbors': 3, 'weights': 'uniform'}
[ 2026-03-18 13:00:04,194 ] 46 root - INFO - Entered the save_object method of MainUtils class
[ 2026-03-18 13:00:04,207 ] 50 root - INFO - Exited the save_object method of MainUtils class
[ 2026-03-18 13:00:04,207 ] 46 root - INFO - Entered the save_object method of MainUtils class
[ 2026-03-18 13:00:04,220 ] 50 root - INFO - Exited the save_object method of MainUtils class
[ 2026-03-18 13:00:04,225 ] 35 root - INFO - data Transformation completed
[ 2026-03-18 13:00:04,225 ] 37 root - INFO - Model Training started
[ 2026-03-18 13:24:16,962 ] 46 root - INFO - Entered the save_object method of MainUtils class
[ 2026-03-18 13:24:16,964 ] 50 root - INFO - Exited the save_object method of MainUtils class
[ 2026-03-18 13:24:16,964 ] 46 root - INFO - Entered the save_object method of MainUtils class
[ 2026-03-18 13:24:17,039 ] 50 root - INFO - Exited the save_object method of MainUtils class
[ 2026-03-18 13:24:17,039 ] 153 root - INFO - Model trainer artifact: ModelTrainerArtifact(trained_model_file_path='Artifacts\\03_18_2026_12_59_38\\model_trainer\\trained_model\\model.pkl', train_metric_artifact=ClassificationMetricArtifact(f1_score=0.9912028421586871, precision_score=0.9898631525595539, recall_score=0.9925461629679824), test_metric_artifact=ClassificationMetricArtifact(f1_score=0.9885814078452445, precision_score=0.9863289103337354, recall_score=0.9908442170459135))
[ 2026-03-18 13:24:17,054 ] 42 root - INFO - Model Training artifact created
