[ 2026-03-18 13:42:33,467 ] 1025 httpx - INFO - HTTP Request: GET https://dagshub.com/api/v1/user "HTTP/1.1 200 OK"
[ 2026-03-18 13:42:33,478 ] 107 dagshub - INFO - Accessing as AdibAhmed7
[ 2026-03-18 13:42:34,448 ] 1025 httpx - INFO - HTTP Request: GET https://dagshub.com/api/v1/repos/AdibAhmed7/NetworkSecurity "HTTP/1.1 200 OK"
[ 2026-03-18 13:42:35,366 ] 1025 httpx - INFO - HTTP Request: GET https://dagshub.com/api/v1/user "HTTP/1.1 200 OK"
[ 2026-03-18 13:42:35,377 ] 107 dagshub - INFO - Initialized MLflow to track repo "AdibAhmed7/NetworkSecurity"
[ 2026-03-18 13:42:35,377 ] 107 dagshub - INFO - Repository AdibAhmed7/NetworkSecurity initialized!
[ 2026-03-18 13:42:35,377 ] 20 root - INFO - Initiate the data ingestion
[ 2026-03-18 13:42:58,536 ] 65 root - INFO - Performed train test split on the dataframe
[ 2026-03-18 13:42:58,536 ] 67 root - INFO - Exited split_data_as_train_test method of Data_Ingestion class
[ 2026-03-18 13:42:58,536 ] 75 root - INFO - Exporting train and test file path.
[ 2026-03-18 13:42:59,318 ] 84 root - INFO - Exported train and test file path.
[ 2026-03-18 13:42:59,320 ] 22 root - INFO - Data Initiation Completed
[ 2026-03-18 13:42:59,338 ] 26 root - INFO - Initiate the data Validation
[ 2026-03-18 13:42:59,585 ] 32 root - INFO - Required number of columns:2
[ 2026-03-18 13:42:59,585 ] 33 root - INFO - Data frame has columns:31
[ 2026-03-18 13:42:59,585 ] 32 root - INFO - Required number of columns:2
[ 2026-03-18 13:42:59,585 ] 33 root - INFO - Data frame has columns:31
[ 2026-03-18 13:43:00,637 ] 28 root - INFO - data Validation Completed
[ 2026-03-18 13:43:00,637 ] 31 root - INFO - data Transformation started
[ 2026-03-18 13:43:00,637 ] 63 root - INFO - Entered initiate_data_transformation method of DataTransformation class
[ 2026-03-18 13:43:00,637 ] 65 root - INFO - Starting data transformation
[ 2026-03-18 13:43:00,859 ] 48 root - INFO - Entered get_data_trnasformer_object method of Trnasformation class
[ 2026-03-18 13:43:00,859 ] 53 root - INFO - Initialise KNNImputer with {'missing_values': nan, 'n_neighbors': 3, 'weights': 'uniform'}
[ 2026-03-18 13:43:00,918 ] 46 root - INFO - Entered the save_object method of MainUtils class
[ 2026-03-18 13:43:00,953 ] 50 root - INFO - Exited the save_object method of MainUtils class
[ 2026-03-18 13:43:00,953 ] 46 root - INFO - Entered the save_object method of MainUtils class
[ 2026-03-18 13:43:00,975 ] 50 root - INFO - Exited the save_object method of MainUtils class
[ 2026-03-18 13:43:00,983 ] 35 root - INFO - data Transformation completed
[ 2026-03-18 13:43:00,984 ] 37 root - INFO - Model Training started
[ 2026-03-18 15:27:42,297 ] 46 root - INFO - Entered the save_object method of MainUtils class
[ 2026-03-18 15:27:42,299 ] 50 root - INFO - Exited the save_object method of MainUtils class
[ 2026-03-18 15:27:42,300 ] 46 root - INFO - Entered the save_object method of MainUtils class
[ 2026-03-18 15:27:42,306 ] 50 root - INFO - Exited the save_object method of MainUtils class
[ 2026-03-18 15:27:42,307 ] 153 root - INFO - Model trainer artifact: ModelTrainerArtifact(trained_model_file_path='Artifacts\\03_18_2026_13_42_28\\model_trainer\\trained_model\\model.pkl', train_metric_artifact=ClassificationMetricArtifact(f1_score=0.9911313073297633, precision_score=0.9889428263214671, recall_score=0.9933294958182373), test_metric_artifact=ClassificationMetricArtifact(f1_score=0.9888971132494448, precision_score=0.9860440150295223, recall_score=0.9917667701444189))
[ 2026-03-18 15:27:42,311 ] 42 root - INFO - Model Training artifact created
